C:\USERS\NATHAN\DESKTOP\WSU CLASSES\FALL 2011\CPTS 121\PROJECTS\BATTLE_SHIP\BATTLE_SHIP\DEBUG\AI.OBJ
C:\USERS\NATHAN\DESKTOP\WSU CLASSES\FALL 2011\CPTS 121\PROJECTS\BATTLE_SHIP\BATTLE_SHIP\DEBUG\BATTLE_SHIP.EXE.EMBED.MANIFEST
C:\USERS\NATHAN\DESKTOP\WSU CLASSES\FALL 2011\CPTS 121\PROJECTS\BATTLE_SHIP\BATTLE_SHIP\DEBUG\BATTLE_SHIP.EXE.EMBED.MANIFEST.RES
C:\USERS\NATHAN\DESKTOP\WSU CLASSES\FALL 2011\CPTS 121\PROJECTS\BATTLE_SHIP\BATTLE_SHIP\DEBUG\BATTLE_SHIP.EXE.INTERMEDIATE.MANIFEST
C:\Users\Nathan\Desktop\wsu classes\fall 2011\cpts 121\projects\Battle_ship\Battle_ship\Debug\Battle_ship.write.1.tlog
C:\Users\Nathan\Desktop\wsu classes\fall 2011\cpts 121\projects\Battle_ship\Battle_ship\Debug\Battle_ship_manifest.rc
C:\Users\Nathan\Desktop\wsu classes\fall 2011\cpts 121\projects\Battle_ship\Battle_ship\Debug\cl.command.1.tlog
C:\Users\Nathan\Desktop\wsu classes\fall 2011\cpts 121\projects\Battle_ship\Battle_ship\Debug\CL.read.1.tlog
C:\Users\Nathan\Desktop\wsu classes\fall 2011\cpts 121\projects\Battle_ship\Battle_ship\Debug\CL.write.1.tlog
C:\USERS\NATHAN\DESKTOP\WSU CLASSES\FALL 2011\CPTS 121\PROJECTS\BATTLE_SHIP\BATTLE_SHIP\DEBUG\CONTROL.OBJ
C:\Users\Nathan\Desktop\wsu classes\fall 2011\cpts 121\projects\Battle_ship\Battle_ship\Debug\link.6572.read.1.tlog
C:\Users\Nathan\Desktop\wsu classes\fall 2011\cpts 121\projects\Battle_ship\Battle_ship\Debug\link.6572.write.1.tlog
C:\Users\Nathan\Desktop\wsu classes\fall 2011\cpts 121\projects\Battle_ship\Battle_ship\Debug\link.6572-cvtres.read.1.tlog
C:\Users\Nathan\Desktop\wsu classes\fall 2011\cpts 121\projects\Battle_ship\Battle_ship\Debug\link.6572-cvtres.write.1.tlog
C:\Users\Nathan\Desktop\wsu classes\fall 2011\cpts 121\projects\Battle_ship\Battle_ship\Debug\link.command.1.tlog
C:\Users\Nathan\Desktop\wsu classes\fall 2011\cpts 121\projects\Battle_ship\Battle_ship\Debug\link.read.1.tlog
C:\Users\Nathan\Desktop\wsu classes\fall 2011\cpts 121\projects\Battle_ship\Battle_ship\Debug\link.write.1.tlog
C:\Users\Nathan\Desktop\wsu classes\fall 2011\cpts 121\projects\Battle_ship\Battle_ship\Debug\link-cvtres.read.1.tlog
C:\Users\Nathan\Desktop\wsu classes\fall 2011\cpts 121\projects\Battle_ship\Battle_ship\Debug\link-cvtres.write.1.tlog
C:\USERS\NATHAN\DESKTOP\WSU CLASSES\FALL 2011\CPTS 121\PROJECTS\BATTLE_SHIP\BATTLE_SHIP\DEBUG\MAIN.OBJ
C:\USERS\NATHAN\DESKTOP\WSU CLASSES\FALL 2011\CPTS 121\PROJECTS\BATTLE_SHIP\BATTLE_SHIP\DEBUG\MENU.OBJ
C:\Users\Nathan\Desktop\wsu classes\fall 2011\cpts 121\projects\Battle_ship\Battle_ship\Debug\mt.command.1.tlog
C:\Users\Nathan\Desktop\wsu classes\fall 2011\cpts 121\projects\Battle_ship\Battle_ship\Debug\mt.read.1.tlog
C:\Users\Nathan\Desktop\wsu classes\fall 2011\cpts 121\projects\Battle_ship\Battle_ship\Debug\mt.write.1.tlog
C:\Users\Nathan\Desktop\wsu classes\fall 2011\cpts 121\projects\Battle_ship\Battle_ship\Debug\rc.command.1.tlog
C:\Users\Nathan\Desktop\wsu classes\fall 2011\cpts 121\projects\Battle_ship\Battle_ship\Debug\rc.read.1.tlog
C:\Users\Nathan\Desktop\wsu classes\fall 2011\cpts 121\projects\Battle_ship\Battle_ship\Debug\rc.write.1.tlog
C:\Users\Nathan\Desktop\wsu classes\fall 2011\cpts 121\projects\Battle_ship\Battle_ship\Debug\vc100.idb
C:\USERS\NATHAN\DESKTOP\WSU CLASSES\FALL 2011\CPTS 121\PROJECTS\BATTLE_SHIP\BATTLE_SHIP\DEBUG\VC100.PDB
C:\USERS\NATHAN\DESKTOP\WSU CLASSES\FALL 2011\CPTS 121\PROJECTS\BATTLE_SHIP\DEBUG\BATTLE_SHIP.EXE
C:\USERS\NATHAN\DESKTOP\WSU CLASSES\FALL 2011\CPTS 121\PROJECTS\BATTLE_SHIP\DEBUG\BATTLE_SHIP.ILK
C:\USERS\NATHAN\DESKTOP\WSU CLASSES\FALL 2011\CPTS 121\PROJECTS\BATTLE_SHIP\DEBUG\BATTLE_SHIP.PDB
